# JRE version: OpenJDK Runtime Environment Temurin-21.0.11+10 (21.0.11+10) (build 21.0.11+10-LTS)
# Java VM: OpenJDK 64-Bit Server VM Temurin-21.0.11+10 (21.0.11+10-LTS, mixed mode, sharing, tiered, compressed oops, compressed class ptrs, parallel gc, windows-amd64)
GC Precious Log:
 CardTable entry size: 512
 CPUs: 16 total, 16 available
 Memory: 11597M
 Large Page Support: Disabled
 NUMA Support: Disabled
 Compressed Oops: Enabled (32-bit)
 Alignments: Space 512K, Generation 512K, Heap 2M
 Heap Min Capacity: 100M
 Heap Initial Capacity: 100M
 Heap Max Capacity: 2G
 Pre-touch: Disabled
 Parallel Workers: 13
Heap:
 PSYoungGen      total 3072K, used 1463K [0x00000000d5580000, 0x00000000d5980000, 0x0000000100000000)
  eden space 2048K, 37% used [0x00000000d5580000,0x00000000d563dee0,0x00000000d5780000)
  from space 1024K, 68% used [0x00000000d5780000,0x00000000d5830000,0x00000000d5880000)
  to   space 1024K, 0% used [0x00000000d5880000,0x00000000d5880000,0x00000000d5980000)
 ParOldGen       total 222208K, used 221810K [0x0000000080000000, 0x000000008d900000, 0x00000000d5580000)
  object space 222208K, 99% used [0x0000000080000000,0x000000008d89c948,0x000000008d900000)
 Metaspace       used 76952K, committed 78784K, reserved 1179648K
  class space    used 8037K, committed 8832K, reserved 1048576K
GC Heap History (20 events):
Event: 670.735 GC heap before
{Heap before GC invocations=211 (full 3):
 PSYoungGen      total 4096K, used 4077K [0x00000000d5580000, 0x00000000d5c80000, 0x0000000100000000)
  eden space 2048K, 99% used [0x00000000d5580000,0x00000000d577ebd0,0x00000000d5780000)
  from space 2048K, 99% used [0x00000000d5780000,0x00000000d597ca98,0x00000000d5980000)
  to   space 2560K, 0% used [0x00000000d5a00000,0x00000000d5a00000,0x00000000d5c80000)
 ParOldGen       total 212480K, used 212367K [0x0000000080000000, 0x000000008cf80000, 0x00000000d5580000)
  object space 212480K, 99% used [0x0000000080000000,0x000000008cf63c50,0x000000008cf80000)
 Metaspace       used 76659K, committed 78464K, reserved 1179648K
  class space    used 8011K, committed 8768K, reserved 1048576K
}
Event: 670.738 GC heap after
{Heap after GC invocations=211 (full 3):
 PSYoungGen      total 4096K, used 1978K [0x00000000d5580000, 0x00000000d5c00000, 0x0000000100000000)
  eden space 2048K, 0% used [0x00000000d5580000,0x00000000d5580000,0x00000000d5780000)
  from space 2048K, 96% used [0x00000000d5a00000,0x00000000d5bee830,0x00000000d5c00000)
  to   space 2048K, 0% used [0x00000000d5780000,0x00000000d5780000,0x00000000d5980000)
 ParOldGen       total 214528K, used 214167K [0x0000000080000000, 0x000000008d180000, 0x00000000d5580000)
  object space 214528K, 99% used [0x0000000080000000,0x000000008d125c58,0x000000008d180000)
 Metaspace       used 76659K, committed 78464K, reserved 1179648K
  class space    used 8011K, committed 8768K, reserved 1048576K
}
Event: 670.756 GC heap before
{Heap before GC invocations=212 (full 3):
 PSYoungGen      total 4096K, used 4026K [0x00000000d5580000, 0x00000000d5c00000, 0x0000000100000000)
  eden space 2048K, 100% used [0x00000000d5580000,0x00000000d5780000,0x00000000d5780000)
  from space 2048K, 96% used [0x00000000d5a00000,0x00000000d5bee830,0x00000000d5c00000)
  to   space 2048K, 0% used [0x00000000d5780000,0x00000000d5780000,0x00000000d5980000)
 ParOldGen       total 214528K, used 214167K [0x0000000080000000, 0x000000008d180000, 0x00000000d5580000)
  object space 214528K, 99% used [0x0000000080000000,0x000000008d125c58,0x000000008d180000)
 Metaspace       used 76659K, committed 78464K, reserved 1179648K
  class space    used 8011K, committed 8768K, reserved 1048576K
}
Event: 670.758 GC heap after
{Heap after GC invocations=212 (full 3):
 PSYoungGen      total 4096K, used 1830K [0x00000000d5580000, 0x00000000d5b80000, 0x0000000100000000)
  eden space 2048K, 0% used [0x00000000d5580000,0x00000000d5580000,0x00000000d5780000)
  from space 2048K, 89% used [0x00000000d5780000,0x00000000d5949b10,0x00000000d5980000)
  to   space 2048K, 0% used [0x00000000d5980000,0x00000000d5980000,0x00000000d5b80000)
 ParOldGen       total 216064K, used 215989K [0x0000000080000000, 0x000000008d300000, 0x00000000d5580000)
  object space 216064K, 99% used [0x0000000080000000,0x000000008d2ed638,0x000000008d300000)
 Metaspace       used 76659K, committed 78464K, reserved 1179648K
  class space    used 8011K, committed 8768K, reserved 1048576K
}
Event: 670.785 GC heap before
{Heap before GC invocations=213 (full 3):
 PSYoungGen      total 4096K, used 3878K [0x00000000d5580000, 0x00000000d5b80000, 0x0000000100000000)
  eden space 2048K, 100% used [0x00000000d5580000,0x00000000d5780000,0x00000000d5780000)
  from space 2048K, 89% used [0x00000000d5780000,0x00000000d5949b10,0x00000000d5980000)
  to   space 2048K, 0% used [0x00000000d5980000,0x00000000d5980000,0x00000000d5b80000)
 ParOldGen       total 216064K, used 215989K [0x0000000080000000, 0x000000008d300000, 0x00000000d5580000)
  object space 216064K, 99% used [0x0000000080000000,0x000000008d2ed638,0x000000008d300000)
 Metaspace       used 76659K, committed 78464K, reserved 1179648K
  class space    used 8011K, committed 8768K, reserved 1048576K
}
Event: 670.787 GC heap after
{Heap after GC invocations=213 (full 3):
 PSYoungGen      total 4096K, used 1966K [0x00000000d5580000, 0x00000000d5b80000, 0x0000000100000000)
  eden space 2048K, 0% used [0x00000000d5580000,0x00000000d5580000,0x00000000d5780000)
  from space 2048K, 96% used [0x00000000d5980000,0x00000000d5b6b8a0,0x00000000d5b80000)
  to   space 2048K, 0% used [0x00000000d5780000,0x00000000d5780000,0x00000000d5980000)
 ParOldGen       total 218112K, used 217688K [0x0000000080000000, 0x000000008d500000, 0x00000000d5580000)
  object space 218112K, 99% used [0x0000000080000000,0x000000008d496048,0x000000008d500000)
 Metaspace       used 76659K, committed 78464K, reserved 1179648K
  class space    used 8011K, committed 8768K, reserved 1048576K
}
Event: 670.796 GC heap before
{Heap before GC invocations=214 (full 3):
 PSYoungGen      total 4096K, used 4014K [0x00000000d5580000, 0x00000000d5b80000, 0x0000000100000000)
  eden space 2048K, 100% used [0x00000000d5580000,0x00000000d5780000,0x00000000d5780000)
  from space 2048K, 96% used [0x00000000d5980000,0x00000000d5b6b8a0,0x00000000d5b80000)
  to   space 2048K, 0% used [0x00000000d5780000,0x00000000d5780000,0x00000000d5980000)
 ParOldGen       total 218112K, used 217688K [0x0000000080000000, 0x000000008d500000, 0x00000000d5580000)
  object space 218112K, 99% used [0x0000000080000000,0x000000008d496048,0x000000008d500000)
 Metaspace       used 76662K, committed 78464K, reserved 1179648K
  class space    used 8011K, committed 8768K, reserved 1048576K
}
Event: 670.798 GC heap after
{Heap after GC invocations=214 (full 3):
 PSYoungGen      total 3072K, used 929K [0x00000000d5580000, 0x00000000d5a80000, 0x0000000100000000)
  eden space 2048K, 0% used [0x00000000d5580000,0x00000000d5580000,0x00000000d5780000)
  from space 1024K, 90% used [0x00000000d5780000,0x00000000d58686b0,0x00000000d5880000)
  to   space 1536K, 0% used [0x00000000d5900000,0x00000000d5900000,0x00000000d5a80000)
 ParOldGen       total 219648K, used 219494K [0x0000000080000000, 0x000000008d680000, 0x00000000d5580000)
  object space 219648K, 99% used [0x0000000080000000,0x000000008d659a18,0x000000008d680000)
 Metaspace       used 76662K, committed 78464K, reserved 1179648K
  class space    used 8011K, committed 8768K, reserved 1048576K
}
Event: 670.805 GC heap before
{Heap before GC invocations=215 (full 3):
 PSYoungGen      total 3072K, used 2977K [0x00000000d5580000, 0x00000000d5a80000, 0x0000000100000000)
  eden space 2048K, 100% used [0x00000000d5580000,0x00000000d5780000,0x00000000d5780000)
  from space 1024K, 90% used [0x00000000d5780000,0x00000000d58686b0,0x00000000d5880000)
  to   space 1536K, 0% used [0x00000000d5900000,0x00000000d5900000,0x00000000d5a80000)
 ParOldGen       total 219648K, used 219494K [0x0000000080000000, 0x000000008d680000, 0x00000000d5580000)
  object space 219648K, 99% used [0x0000000080000000,0x000000008d659a18,0x000000008d680000)
 Metaspace       used 76664K, committed 78464K, reserved 1179648K
  class space    used 8011K, committed 8768K, reserved 1048576K
}
Event: 670.807 GC heap after
{Heap after GC invocations=215 (full 3):
 PSYoungGen      total 2560K, used 352K [0x00000000d5580000, 0x00000000d5980000, 0x0000000100000000)
  eden space 2048K, 0% used [0x00000000d5580000,0x00000000d5580000,0x00000000d5780000)
  from space 512K, 68% used [0x00000000d5900000,0x00000000d5958000,0x00000000d5980000)
  to   space 1024K, 0% used [0x00000000d5780000,0x00000000d5780000,0x00000000d5880000)
 ParOldGen       total 220672K, used 220253K [0x0000000080000000, 0x000000008d780000, 0x00000000d5580000)
  object space 220672K, 99% used [0x0000000080000000,0x000000008d717660,0x000000008d780000)
 Metaspace       used 76664K, committed 78464K, reserved 1179648K
  class space    used 8011K, committed 8768K, reserved 1048576K
}
Event: 670.816 GC heap before
{Heap before GC invocations=216 (full 3):
 PSYoungGen      total 2560K, used 2400K [0x00000000d5580000, 0x00000000d5980000, 0x0000000100000000)
  eden space 2048K, 100% used [0x00000000d5580000,0x00000000d5780000,0x00000000d5780000)
  from space 512K, 68% used [0x00000000d5900000,0x00000000d5958000,0x00000000d5980000)
  to   space 1024K, 0% used [0x00000000d5780000,0x00000000d5780000,0x00000000d5880000)
 ParOldGen       total 220672K, used 220253K [0x0000000080000000, 0x000000008d780000, 0x00000000d5580000)
  object space 220672K, 99% used [0x0000000080000000,0x000000008d717660,0x000000008d780000)
 Metaspace       used 76664K, committed 78464K, reserved 1179648K
  class space    used 8011K, committed 8768K, reserved 1048576K
}
Event: 670.817 GC heap after
{Heap after GC invocations=216 (full 3):
 PSYoungGen      total 3072K, used 608K [0x00000000d5580000, 0x00000000d5980000, 0x0000000100000000)
  eden space 2048K, 0% used [0x00000000d5580000,0x00000000d5580000,0x00000000d5780000)
  from space 1024K, 59% used [0x00000000d5780000,0x00000000d5818000,0x00000000d5880000)
  to   space 1024K, 0% used [0x00000000d5880000,0x00000000d5880000,0x00000000d5980000)
 ParOldGen       total 220672K, used 220325K [0x0000000080000000, 0x000000008d780000, 0x00000000d5580000)
  object space 220672K, 99% used [0x0000000080000000,0x000000008d729660,0x000000008d780000)
 Metaspace       used 76664K, committed 78464K, reserved 1179648K
  class space    used 8011K, committed 8768K, reserved 1048576K
}
Event: 670.847 GC heap before
{Heap before GC invocations=217 (full 3):
 PSYoungGen      total 3072K, used 2620K [0x00000000d5580000, 0x00000000d5980000, 0x0000000100000000)
  eden space 2048K, 98% used [0x00000000d5580000,0x00000000d5777288,0x00000000d5780000)
  from space 1024K, 59% used [0x00000000d5780000,0x00000000d5818000,0x00000000d5880000)
  to   space 1024K, 0% used [0x00000000d5880000,0x00000000d5880000,0x00000000d5980000)
 ParOldGen       total 220672K, used 220325K [0x0000000080000000, 0x000000008d780000, 0x00000000d5580000)
  object space 220672K, 99% used [0x0000000080000000,0x000000008d729660,0x000000008d780000)
 Metaspace       used 76677K, committed 78464K, reserved 1179648K
  class space    used 8013K, committed 8768K, reserved 1048576K
}
Event: 670.849 GC heap after
{Heap after GC invocations=217 (full 3):
 PSYoungGen      total 3072K, used 715K [0x00000000d5580000, 0x00000000d5980000, 0x0000000100000000)
  eden space 2048K, 0% used [0x00000000d5580000,0x00000000d5580000,0x00000000d5780000)
  from space 1024K, 69% used [0x00000000d5880000,0x00000000d5932d00,0x00000000d5980000)
  to   space 1024K, 0% used [0x00000000d5780000,0x00000000d5780000,0x00000000d5880000)
 ParOldGen       total 221184K, used 220741K [0x0000000080000000, 0x000000008d800000, 0x00000000d5580000)
  object space 221184K, 99% used [0x0000000080000000,0x000000008d791660,0x000000008d800000)
 Metaspace       used 76677K, committed 78464K, reserved 1179648K
  class space    used 8013K, committed 8768K, reserved 1048576K
}
Event: 670.898 GC heap before
{Heap before GC invocations=218 (full 3):
 PSYoungGen      total 3072K, used 2763K [0x00000000d5580000, 0x00000000d5980000, 0x0000000100000000)
  eden space 2048K, 100% used [0x00000000d5580000,0x00000000d5780000,0x00000000d5780000)
  from space 1024K, 69% used [0x00000000d5880000,0x00000000d5932d00,0x00000000d5980000)
  to   space 1024K, 0% used [0x00000000d5780000,0x00000000d5780000,0x00000000d5880000)
 ParOldGen       total 221184K, used 220741K [0x0000000080000000, 0x000000008d800000, 0x00000000d5580000)
  object space 221184K, 99% used [0x0000000080000000,0x000000008d791660,0x000000008d800000)
 Metaspace       used 76927K, committed 78784K, reserved 1179648K
  class space    used 8037K, committed 8832K, reserved 1048576K
}
Event: 670.900 GC heap after
{Heap after GC invocations=218 (full 3):
 PSYoungGen      total 3072K, used 368K [0x00000000d5580000, 0x00000000d5900000, 0x0000000100000000)
  eden space 2048K, 0% used [0x00000000d5580000,0x00000000d5580000,0x00000000d5780000)
  from space 1024K, 35% used [0x00000000d5780000,0x00000000d57dc010,0x00000000d5880000)
  to   space 512K, 0% used [0x00000000d5880000,0x00000000d5880000,0x00000000d5900000)
 ParOldGen       total 221184K, used 221128K [0x0000000080000000, 0x000000008d800000, 0x00000000d5580000)
  object space 221184K, 99% used [0x0000000080000000,0x000000008d7f20e0,0x000000008d800000)
 Metaspace       used 76927K, committed 78784K, reserved 1179648K
  class space    used 8037K, committed 8832K, reserved 1048576K
}
Event: 670.908 GC heap before
{Heap before GC invocations=219 (full 3):
 PSYoungGen      total 3072K, used 2416K [0x00000000d5580000, 0x00000000d5900000, 0x0000000100000000)
  eden space 2048K, 100% used [0x00000000d5580000,0x00000000d5780000,0x00000000d5780000)
  from space 1024K, 35% used [0x00000000d5780000,0x00000000d57dc010,0x00000000d5880000)
  to   space 512K, 0% used [0x00000000d5880000,0x00000000d5880000,0x00000000d5900000)
 ParOldGen       total 221184K, used 221128K [0x0000000080000000, 0x000000008d800000, 0x00000000d5580000)
  object space 221184K, 99% used [0x0000000080000000,0x000000008d7f20e0,0x000000008d800000)
 Metaspace       used 76927K, committed 78784K, reserved 1179648K
  class space    used 8037K, committed 8832K, reserved 1048576K
}
Event: 670.909 GC heap after
{Heap after GC invocations=219 (full 3):
 PSYoungGen      total 2560K, used 506K [0x00000000d5580000, 0x00000000d5980000, 0x0000000100000000)
  eden space 2048K, 0% used [0x00000000d5580000,0x00000000d5580000,0x00000000d5780000)
  from space 512K, 98% used [0x00000000d5880000,0x00000000d58fe900,0x00000000d5900000)
  to   space 1024K, 0% used [0x00000000d5780000,0x00000000d5780000,0x00000000d5880000)
 ParOldGen       total 221696K, used 221317K [0x0000000080000000, 0x000000008d880000, 0x00000000d5580000)
  object space 221696K, 99% used [0x0000000080000000,0x000000008d821738,0x000000008d880000)
 Metaspace       used 76927K, committed 78784K, reserved 1179648K
  class space    used 8037K, committed 8832K, reserved 1048576K
}
Event: 670.934 GC heap before
{Heap before GC invocations=220 (full 3):
 PSYoungGen      total 2560K, used 2554K [0x00000000d5580000, 0x00000000d5980000, 0x0000000100000000)
  eden space 2048K, 100% used [0x00000000d5580000,0x00000000d5780000,0x00000000d5780000)
  from space 512K, 98% used [0x00000000d5880000,0x00000000d58fe900,0x00000000d5900000)
  to   space 1024K, 0% used [0x00000000d5780000,0x00000000d5780000,0x00000000d5880000)
 ParOldGen       total 221696K, used 221317K [0x0000000080000000, 0x000000008d880000, 0x00000000d5580000)
  object space 221696K, 99% used [0x0000000080000000,0x000000008d821738,0x000000008d880000)
 Metaspace       used 76928K, committed 78784K, reserved 1179648K
  class space    used 8037K, committed 8832K, reserved 1048576K
}
Event: 670.937 GC heap after
{Heap after GC invocations=220 (full 3):
 PSYoungGen      total 3072K, used 704K [0x00000000d5580000, 0x00000000d5980000, 0x0000000100000000)
  eden space 2048K, 0% used [0x00000000d5580000,0x00000000d5580000,0x00000000d5780000)
  from space 1024K, 68% used [0x00000000d5780000,0x00000000d5830000,0x00000000d5880000)
  to   space 1024K, 0% used [0x00000000d5880000,0x00000000d5880000,0x00000000d5980000)
 ParOldGen       total 222208K, used 221810K [0x0000000080000000, 0x000000008d900000, 0x00000000d5580000)
  object space 222208K, 99% used [0x0000000080000000,0x000000008d89c948,0x000000008d900000)
 Metaspace       used 76928K, committed 78784K, reserved 1179648K
  class space    used 8037K, committed 8832K, reserved 1048576K
}

