# JRE version: OpenJDK Runtime Environment Temurin-21.0.11+10 (21.0.11+10) (build 21.0.11+10-LTS)
# Java VM: OpenJDK 64-Bit Server VM Temurin-21.0.11+10 (21.0.11+10-LTS, mixed mode, sharing, tiered, compressed oops, compressed class ptrs, parallel gc, windows-amd64)
GC Precious Log:
 CardTable entry size: 512
 CPUs: 16 total, 16 available
 Memory: 11597M
 Large Page Support: Disabled
 NUMA Support: Disabled
 Compressed Oops: Enabled (32-bit)
 Alignments: Space 512K, Generation 512K, Heap 2M
 Heap Min Capacity: 100M
 Heap Initial Capacity: 100M
 Heap Max Capacity: 2G
 Pre-touch: Disabled
 Parallel Workers: 13
Heap:
 PSYoungGen      total 5120K, used 4582K [0x00000000d5580000, 0x00000000d5e00000, 0x0000000100000000)
  eden space 4608K, 93% used [0x00000000d5580000,0x00000000d59b99f8,0x00000000d5a00000)
  from space 512K, 50% used [0x00000000d5d80000,0x00000000d5dc0000,0x00000000d5e00000)
  to   space 512K, 0% used [0x00000000d5d00000,0x00000000d5d00000,0x00000000d5d80000)
 ParOldGen       total 117248K, used 116901K [0x0000000080000000, 0x0000000087280000, 0x00000000d5580000)
  object space 117248K, 99% used [0x0000000080000000,0x00000000872294e8,0x0000000087280000)
 Metaspace       used 73835K, committed 75456K, reserved 1179648K
  class space    used 7649K, committed 8320K, reserved 1048576K
GC Heap History (20 events):
Event: 5677.209 GC heap before
{Heap before GC invocations=102 (full 3):
 PSYoungGen      total 6656K, used 6651K [0x00000000d5580000, 0x00000000d7180000, 0x0000000100000000)
  eden space 4608K, 100% used [0x00000000d5580000,0x00000000d5a00000,0x00000000d5a00000)
  from space 2048K, 99% used [0x00000000d6280000,0x00000000d647eec0,0x00000000d6480000)
  to   space 8704K, 0% used [0x00000000d5a00000,0x00000000d5a00000,0x00000000d6280000)
 ParOldGen       total 112128K, used 112112K [0x0000000080000000, 0x0000000086d80000, 0x00000000d5580000)
  object space 112128K, 99% used [0x0000000080000000,0x0000000086d7c050,0x0000000086d80000)
 Metaspace       used 72164K, committed 73536K, reserved 1179648K
  class space    used 7461K, committed 8000K, reserved 1048576K
}
Event: 5677.212 GC heap after
{Heap after GC invocations=102 (full 3):
 PSYoungGen      total 7680K, used 2867K [0x00000000d5580000, 0x00000000d6300000, 0x0000000100000000)
  eden space 4608K, 0% used [0x00000000d5580000,0x00000000d5580000,0x00000000d5a00000)
  from space 3072K, 93% used [0x00000000d5a00000,0x00000000d5ccce80,0x00000000d5d00000)
  to   space 4608K, 0% used [0x00000000d5e80000,0x00000000d5e80000,0x00000000d6300000)
 ParOldGen       total 114176K, used 114141K [0x0000000080000000, 0x0000000086f80000, 0x00000000d5580000)
  object space 114176K, 99% used [0x0000000080000000,0x0000000086f774e8,0x0000000086f80000)
 Metaspace       used 72164K, committed 73536K, reserved 1179648K
  class space    used 7461K, committed 8000K, reserved 1048576K
}
Event: 5677.795 GC heap before
{Heap before GC invocations=103 (full 3):
 PSYoungGen      total 7680K, used 7475K [0x00000000d5580000, 0x00000000d6300000, 0x0000000100000000)
  eden space 4608K, 100% used [0x00000000d5580000,0x00000000d5a00000,0x00000000d5a00000)
  from space 3072K, 93% used [0x00000000d5a00000,0x00000000d5ccce80,0x00000000d5d00000)
  to   space 4608K, 0% used [0x00000000d5e80000,0x00000000d5e80000,0x00000000d6300000)
 ParOldGen       total 114176K, used 114141K [0x0000000080000000, 0x0000000086f80000, 0x00000000d5580000)
  object space 114176K, 99% used [0x0000000080000000,0x0000000086f774e8,0x0000000086f80000)
 Metaspace       used 72300K, committed 73728K, reserved 1179648K
  class space    used 7487K, committed 8064K, reserved 1048576K
}
Event: 5677.798 GC heap after
{Heap after GC invocations=103 (full 3):
 PSYoungGen      total 5632K, used 608K [0x00000000d5580000, 0x00000000d5f80000, 0x0000000100000000)
  eden space 4608K, 0% used [0x00000000d5580000,0x00000000d5580000,0x00000000d5a00000)
  from space 1024K, 59% used [0x00000000d5e80000,0x00000000d5f18000,0x00000000d5f80000)
  to   space 2048K, 0% used [0x00000000d5b80000,0x00000000d5b80000,0x00000000d5d80000)
 ParOldGen       total 114688K, used 114485K [0x0000000080000000, 0x0000000087000000, 0x00000000d5580000)
  object space 114688K, 99% used [0x0000000080000000,0x0000000086fcd4e8,0x0000000087000000)
 Metaspace       used 72300K, committed 73728K, reserved 1179648K
  class space    used 7487K, committed 8064K, reserved 1048576K
}
Event: 5678.391 GC heap before
{Heap before GC invocations=104 (full 3):
 PSYoungGen      total 5632K, used 5216K [0x00000000d5580000, 0x00000000d5f80000, 0x0000000100000000)
  eden space 4608K, 100% used [0x00000000d5580000,0x00000000d5a00000,0x00000000d5a00000)
  from space 1024K, 59% used [0x00000000d5e80000,0x00000000d5f18000,0x00000000d5f80000)
  to   space 2048K, 0% used [0x00000000d5b80000,0x00000000d5b80000,0x00000000d5d80000)
 ParOldGen       total 114688K, used 114485K [0x0000000080000000, 0x0000000087000000, 0x00000000d5580000)
  object space 114688K, 99% used [0x0000000080000000,0x0000000086fcd4e8,0x0000000087000000)
 Metaspace       used 72399K, committed 73792K, reserved 1179648K
  class space    used 7502K, committed 8064K, reserved 1048576K
}
Event: 5678.393 GC heap after
{Heap after GC invocations=104 (full 3):
 PSYoungGen      total 6656K, used 672K [0x00000000d5580000, 0x00000000d5f00000, 0x0000000100000000)
  eden space 4608K, 0% used [0x00000000d5580000,0x00000000d5580000,0x00000000d5a00000)
  from space 2048K, 32% used [0x00000000d5b80000,0x00000000d5c28000,0x00000000d5d80000)
  to   space 1024K, 0% used [0x00000000d5e00000,0x00000000d5e00000,0x00000000d5f00000)
 ParOldGen       total 115200K, used 114837K [0x0000000080000000, 0x0000000087080000, 0x00000000d5580000)
  object space 115200K, 99% used [0x0000000080000000,0x00000000870254e8,0x0000000087080000)
 Metaspace       used 72399K, committed 73792K, reserved 1179648K
  class space    used 7502K, committed 8064K, reserved 1048576K
}
Event: 5678.550 GC heap before
{Heap before GC invocations=105 (full 3):
 PSYoungGen      total 6656K, used 5280K [0x00000000d5580000, 0x00000000d5f00000, 0x0000000100000000)
  eden space 4608K, 100% used [0x00000000d5580000,0x00000000d5a00000,0x00000000d5a00000)
  from space 2048K, 32% used [0x00000000d5b80000,0x00000000d5c28000,0x00000000d5d80000)
  to   space 1024K, 0% used [0x00000000d5e00000,0x00000000d5e00000,0x00000000d5f00000)
 ParOldGen       total 115200K, used 114837K [0x0000000080000000, 0x0000000087080000, 0x00000000d5580000)
  object space 115200K, 99% used [0x0000000080000000,0x00000000870254e8,0x0000000087080000)
 Metaspace       used 72590K, committed 74112K, reserved 1179648K
  class space    used 7531K, committed 8128K, reserved 1048576K
}
Event: 5678.552 GC heap after
{Heap after GC invocations=105 (full 3):
 PSYoungGen      total 5632K, used 768K [0x00000000d5580000, 0x00000000d5f00000, 0x0000000100000000)
  eden space 4608K, 0% used [0x00000000d5580000,0x00000000d5580000,0x00000000d5a00000)
  from space 1024K, 75% used [0x00000000d5e00000,0x00000000d5ec0000,0x00000000d5f00000)
  to   space 1024K, 0% used [0x00000000d5d00000,0x00000000d5d00000,0x00000000d5e00000)
 ParOldGen       total 115712K, used 115285K [0x0000000080000000, 0x0000000087100000, 0x00000000d5580000)
  object space 115712K, 99% used [0x0000000080000000,0x00000000870954e8,0x0000000087100000)
 Metaspace       used 72590K, committed 74112K, reserved 1179648K
  class space    used 7531K, committed 8128K, reserved 1048576K
}
Event: 5678.626 GC heap before
{Heap before GC invocations=106 (full 3):
 PSYoungGen      total 5632K, used 5375K [0x00000000d5580000, 0x00000000d5f00000, 0x0000000100000000)
  eden space 4608K, 99% used [0x00000000d5580000,0x00000000d59ffff0,0x00000000d5a00000)
  from space 1024K, 75% used [0x00000000d5e00000,0x00000000d5ec0000,0x00000000d5f00000)
  to   space 1024K, 0% used [0x00000000d5d00000,0x00000000d5d00000,0x00000000d5e00000)
 ParOldGen       total 115712K, used 115285K [0x0000000080000000, 0x0000000087100000, 0x00000000d5580000)
  object space 115712K, 99% used [0x0000000080000000,0x00000000870954e8,0x0000000087100000)
 Metaspace       used 72596K, committed 74112K, reserved 1179648K
  class space    used 7531K, committed 8128K, reserved 1048576K
}
Event: 5678.627 GC heap after
{Heap after GC invocations=106 (full 3):
 PSYoungGen      total 5632K, used 960K [0x00000000d5580000, 0x00000000d5e80000, 0x0000000100000000)
  eden space 4608K, 0% used [0x00000000d5580000,0x00000000d5580000,0x00000000d5a00000)
  from space 1024K, 93% used [0x00000000d5d00000,0x00000000d5df0000,0x00000000d5e00000)
  to   space 512K, 0% used [0x00000000d5e00000,0x00000000d5e00000,0x00000000d5e80000)
 ParOldGen       total 116224K, used 115805K [0x0000000080000000, 0x0000000087180000, 0x00000000d5580000)
  object space 116224K, 99% used [0x0000000080000000,0x00000000871174e8,0x0000000087180000)
 Metaspace       used 72596K, committed 74112K, reserved 1179648K
  class space    used 7531K, committed 8128K, reserved 1048576K
}
Event: 5678.921 GC heap before
{Heap before GC invocations=107 (full 3):
 PSYoungGen      total 5632K, used 5568K [0x00000000d5580000, 0x00000000d5e80000, 0x0000000100000000)
  eden space 4608K, 100% used [0x00000000d5580000,0x00000000d5a00000,0x00000000d5a00000)
  from space 1024K, 93% used [0x00000000d5d00000,0x00000000d5df0000,0x00000000d5e00000)
  to   space 512K, 0% used [0x00000000d5e00000,0x00000000d5e00000,0x00000000d5e80000)
 ParOldGen       total 116224K, used 115805K [0x0000000080000000, 0x0000000087180000, 0x00000000d5580000)
  object space 116224K, 99% used [0x0000000080000000,0x00000000871174e8,0x0000000087180000)
 Metaspace       used 72704K, committed 74176K, reserved 1179648K
  class space    used 7547K, committed 8128K, reserved 1048576K
}
Event: 5678.922 GC heap after
{Heap after GC invocations=107 (full 3):
 PSYoungGen      total 5120K, used 480K [0x00000000d5580000, 0x00000000d5e80000, 0x0000000100000000)
  eden space 4608K, 0% used [0x00000000d5580000,0x00000000d5580000,0x00000000d5a00000)
  from space 512K, 93% used [0x00000000d5e00000,0x00000000d5e78000,0x00000000d5e80000)
  to   space 1024K, 0% used [0x00000000d5c80000,0x00000000d5c80000,0x00000000d5d80000)
 ParOldGen       total 116224K, used 116125K [0x0000000080000000, 0x0000000087180000, 0x00000000d5580000)
  object space 116224K, 99% used [0x0000000080000000,0x00000000871674e8,0x0000000087180000)
 Metaspace       used 72704K, committed 74176K, reserved 1179648K
  class space    used 7547K, committed 8128K, reserved 1048576K
}
Event: 5679.026 GC heap before
{Heap before GC invocations=108 (full 3):
 PSYoungGen      total 5120K, used 5087K [0x00000000d5580000, 0x00000000d5e80000, 0x0000000100000000)
  eden space 4608K, 99% used [0x00000000d5580000,0x00000000d59fffd0,0x00000000d5a00000)
  from space 512K, 93% used [0x00000000d5e00000,0x00000000d5e78000,0x00000000d5e80000)
  to   space 1024K, 0% used [0x00000000d5c80000,0x00000000d5c80000,0x00000000d5d80000)
 ParOldGen       total 116224K, used 116125K [0x0000000080000000, 0x0000000087180000, 0x00000000d5580000)
  object space 116224K, 99% used [0x0000000080000000,0x00000000871674e8,0x0000000087180000)
 Metaspace       used 73164K, committed 74688K, reserved 1179648K
  class space    used 7593K, committed 8192K, reserved 1048576K
}
Event: 5679.029 GC heap after
{Heap after GC invocations=108 (full 3):
 PSYoungGen      total 5632K, used 549K [0x00000000d5580000, 0x00000000d5e80000, 0x0000000100000000)
  eden space 4608K, 0% used [0x00000000d5580000,0x00000000d5580000,0x00000000d5a00000)
  from space 1024K, 53% used [0x00000000d5c80000,0x00000000d5d09420,0x00000000d5d80000)
  to   space 1024K, 0% used [0x00000000d5d80000,0x00000000d5d80000,0x00000000d5e80000)
 ParOldGen       total 116736K, used 116363K [0x0000000080000000, 0x0000000087200000, 0x00000000d5580000)
  object space 116736K, 99% used [0x0000000080000000,0x00000000871a2c10,0x0000000087200000)
 Metaspace       used 73164K, committed 74688K, reserved 1179648K
  class space    used 7593K, committed 8192K, reserved 1048576K
}
Event: 5679.498 GC heap before
{Heap before GC invocations=109 (full 3):
 PSYoungGen      total 5632K, used 5157K [0x00000000d5580000, 0x00000000d5e80000, 0x0000000100000000)
  eden space 4608K, 100% used [0x00000000d5580000,0x00000000d5a00000,0x00000000d5a00000)
  from space 1024K, 53% used [0x00000000d5c80000,0x00000000d5d09420,0x00000000d5d80000)
  to   space 1024K, 0% used [0x00000000d5d80000,0x00000000d5d80000,0x00000000d5e80000)
 ParOldGen       total 116736K, used 116363K [0x0000000080000000, 0x0000000087200000, 0x00000000d5580000)
  object space 116736K, 99% used [0x0000000080000000,0x00000000871a2c10,0x0000000087200000)
 Metaspace       used 73396K, committed 74944K, reserved 1179648K
  class space    used 7616K, committed 8256K, reserved 1048576K
}
Event: 5679.500 GC heap after
{Heap after GC invocations=109 (full 3):
 PSYoungGen      total 5120K, used 468K [0x00000000d5580000, 0x00000000d5e00000, 0x0000000100000000)
  eden space 4608K, 0% used [0x00000000d5580000,0x00000000d5580000,0x00000000d5a00000)
  from space 512K, 91% used [0x00000000d5d80000,0x00000000d5df5200,0x00000000d5e00000)
  to   space 512K, 0% used [0x00000000d5d00000,0x00000000d5d00000,0x00000000d5d80000)
 ParOldGen       total 116736K, used 116669K [0x0000000080000000, 0x0000000087200000, 0x00000000d5580000)
  object space 116736K, 99% used [0x0000000080000000,0x00000000871ef4d8,0x0000000087200000)
 Metaspace       used 73396K, committed 74944K, reserved 1179648K
  class space    used 7616K, committed 8256K, reserved 1048576K
}
Event: 5679.598 GC heap before
{Heap before GC invocations=110 (full 3):
 PSYoungGen      total 5120K, used 5067K [0x00000000d5580000, 0x00000000d5e00000, 0x0000000100000000)
  eden space 4608K, 99% used [0x00000000d5580000,0x00000000d59fdb20,0x00000000d5a00000)
  from space 512K, 91% used [0x00000000d5d80000,0x00000000d5df5200,0x00000000d5e00000)
  to   space 512K, 0% used [0x00000000d5d00000,0x00000000d5d00000,0x00000000d5d80000)
 ParOldGen       total 116736K, used 116669K [0x0000000080000000, 0x0000000087200000, 0x00000000d5580000)
  object space 116736K, 99% used [0x0000000080000000,0x00000000871ef4d8,0x0000000087200000)
 Metaspace       used 73450K, committed 74944K, reserved 1179648K
  class space    used 7616K, committed 8256K, reserved 1048576K
}
Event: 5679.599 GC heap after
{Heap after GC invocations=110 (full 3):
 PSYoungGen      total 5120K, used 288K [0x00000000d5580000, 0x00000000d5e00000, 0x0000000100000000)
  eden space 4608K, 0% used [0x00000000d5580000,0x00000000d5580000,0x00000000d5a00000)
  from space 512K, 56% used [0x00000000d5d00000,0x00000000d5d48000,0x00000000d5d80000)
  to   space 512K, 0% used [0x00000000d5d80000,0x00000000d5d80000,0x00000000d5e00000)
 ParOldGen       total 117248K, used 116829K [0x0000000080000000, 0x0000000087280000, 0x00000000d5580000)
  object space 117248K, 99% used [0x0000000080000000,0x00000000872174e8,0x0000000087280000)
 Metaspace       used 73450K, committed 74944K, reserved 1179648K
  class space    used 7616K, committed 8256K, reserved 1048576K
}
Event: 5681.245 GC heap before
{Heap before GC invocations=111 (full 3):
 PSYoungGen      total 5120K, used 4895K [0x00000000d5580000, 0x00000000d5e00000, 0x0000000100000000)
  eden space 4608K, 99% used [0x00000000d5580000,0x00000000d59ffff0,0x00000000d5a00000)
  from space 512K, 56% used [0x00000000d5d00000,0x00000000d5d48000,0x00000000d5d80000)
  to   space 512K, 0% used [0x00000000d5d80000,0x00000000d5d80000,0x00000000d5e00000)
 ParOldGen       total 117248K, used 116829K [0x0000000080000000, 0x0000000087280000, 0x00000000d5580000)
  object space 117248K, 99% used [0x0000000080000000,0x00000000872174e8,0x0000000087280000)
 Metaspace       used 73485K, committed 75008K, reserved 1179648K
  class space    used 7616K, committed 8256K, reserved 1048576K
}
Event: 5681.246 GC heap after
{Heap after GC invocations=111 (full 3):
 PSYoungGen      total 5120K, used 256K [0x00000000d5580000, 0x00000000d5e00000, 0x0000000100000000)
  eden space 4608K, 0% used [0x00000000d5580000,0x00000000d5580000,0x00000000d5a00000)
  from space 512K, 50% used [0x00000000d5d80000,0x00000000d5dc0000,0x00000000d5e00000)
  to   space 512K, 0% used [0x00000000d5d00000,0x00000000d5d00000,0x00000000d5d80000)
 ParOldGen       total 117248K, used 116901K [0x0000000080000000, 0x0000000087280000, 0x00000000d5580000)
  object space 117248K, 99% used [0x0000000080000000,0x00000000872294e8,0x0000000087280000)
 Metaspace       used 73485K, committed 75008K, reserved 1179648K
  class space    used 7616K, committed 8256K, reserved 1048576K
}

